<?xml version="1.0" encoding="UTF-8"?>
<testsuite xmlns:xsi="http://www.w3.org/2001/XMLSchema-instance" xsi:noNamespaceSchemaLocation="https://maven.apache.org/surefire/maven-surefire-plugin/xsd/surefire-test-report-3.0.xsd" version="3.0" name="TestSuite" time="639.833" tests="14" errors="0" skipped="0" failures="0">
  <properties>
    <property name="java.specification.version" value="20"/>
    <property name="sun.cpu.isalist" value="amd64"/>
    <property name="sun.jnu.encoding" value="Cp1252"/>
    <property name="sun.awt.enableExtraMouseButtons" value="true"/>
    <property name="java.class.path" value="C:\Users\prade\eclipse-workspace\Brokerage\target\test-classes;C:\Users\prade\eclipse-workspace\Brokerage\target\classes;C:\Users\prade\.m2\repository\org\seleniumhq\selenium\selenium-java\4.18.1\selenium-java-4.18.1.jar;C:\Users\prade\.m2\repository\org\seleniumhq\selenium\selenium-api\4.18.1\selenium-api-4.18.1.jar;C:\Users\prade\.m2\repository\org\seleniumhq\selenium\selenium-chrome-driver\4.18.1\selenium-chrome-driver-4.18.1.jar;C:\Users\prade\.m2\repository\com\google\auto\service\auto-service-annotations\1.1.1\auto-service-annotations-1.1.1.jar;C:\Users\prade\.m2\repository\org\seleniumhq\selenium\selenium-chromium-driver\4.18.1\selenium-chromium-driver-4.18.1.jar;C:\Users\prade\.m2\repository\org\seleniumhq\selenium\selenium-json\4.18.1\selenium-json-4.18.1.jar;C:\Users\prade\.m2\repository\org\seleniumhq\selenium\selenium-manager\4.18.1\selenium-manager-4.18.1.jar;C:\Users\prade\.m2\repository\org\seleniumhq\selenium\selenium-devtools-v120\4.18.1\selenium-devtools-v120-4.18.1.jar;C:\Users\prade\.m2\repository\org\seleniumhq\selenium\selenium-devtools-v121\4.18.1\selenium-devtools-v121-4.18.1.jar;C:\Users\prade\.m2\repository\org\seleniumhq\selenium\selenium-devtools-v122\4.18.1\selenium-devtools-v122-4.18.1.jar;C:\Users\prade\.m2\repository\org\seleniumhq\selenium\selenium-devtools-v85\4.18.1\selenium-devtools-v85-4.18.1.jar;C:\Users\prade\.m2\repository\org\seleniumhq\selenium\selenium-edge-driver\4.18.1\selenium-edge-driver-4.18.1.jar;C:\Users\prade\.m2\repository\org\seleniumhq\selenium\selenium-firefox-driver\4.18.1\selenium-firefox-driver-4.18.1.jar;C:\Users\prade\.m2\repository\org\seleniumhq\selenium\selenium-http\4.18.1\selenium-http-4.18.1.jar;C:\Users\prade\.m2\repository\dev\failsafe\failsafe\3.3.2\failsafe-3.3.2.jar;C:\Users\prade\.m2\repository\org\seleniumhq\selenium\selenium-ie-driver\4.18.1\selenium-ie-driver-4.18.1.jar;C:\Users\prade\.m2\repository\org\seleniumhq\selenium\selenium-remote-driver\4.18.1\selenium-remote-driver-4.18.1.jar;C:\Users\prade\.m2\repository\com\google\guava\guava\33.0.0-jre\guava-33.0.0-jre.jar;C:\Users\prade\.m2\repository\com\google\guava\failureaccess\1.0.2\failureaccess-1.0.2.jar;C:\Users\prade\.m2\repository\com\google\guava\listenablefuture\9999.0-empty-to-avoid-conflict-with-guava\listenablefuture-9999.0-empty-to-avoid-conflict-with-guava.jar;C:\Users\prade\.m2\repository\com\google\code\findbugs\jsr305\3.0.2\jsr305-3.0.2.jar;C:\Users\prade\.m2\repository\org\checkerframework\checker-qual\3.41.0\checker-qual-3.41.0.jar;C:\Users\prade\.m2\repository\com\google\errorprone\error_prone_annotations\2.23.0\error_prone_annotations-2.23.0.jar;C:\Users\prade\.m2\repository\com\google\j2objc\j2objc-annotations\2.8\j2objc-annotations-2.8.jar;C:\Users\prade\.m2\repository\io\opentelemetry\semconv\opentelemetry-semconv\1.23.1-alpha\opentelemetry-semconv-1.23.1-alpha.jar;C:\Users\prade\.m2\repository\io\opentelemetry\opentelemetry-api\1.35.0\opentelemetry-api-1.35.0.jar;C:\Users\prade\.m2\repository\io\opentelemetry\opentelemetry-context\1.35.0\opentelemetry-context-1.35.0.jar;C:\Users\prade\.m2\repository\io\opentelemetry\opentelemetry-exporter-logging\1.35.0\opentelemetry-exporter-logging-1.35.0.jar;C:\Users\prade\.m2\repository\io\opentelemetry\opentelemetry-sdk-common\1.35.0\opentelemetry-sdk-common-1.35.0.jar;C:\Users\prade\.m2\repository\io\opentelemetry\opentelemetry-sdk-extension-autoconfigure-spi\1.35.0\opentelemetry-sdk-extension-autoconfigure-spi-1.35.0.jar;C:\Users\prade\.m2\repository\io\opentelemetry\opentelemetry-sdk-extension-autoconfigure\1.35.0\opentelemetry-sdk-extension-autoconfigure-1.35.0.jar;C:\Users\prade\.m2\repository\io\opentelemetry\opentelemetry-api-events\1.35.0-alpha\opentelemetry-api-events-1.35.0-alpha.jar;C:\Users\prade\.m2\repository\io\opentelemetry\opentelemetry-sdk-trace\1.35.0\opentelemetry-sdk-trace-1.35.0.jar;C:\Users\prade\.m2\repository\io\opentelemetry\opentelemetry-extension-incubator\1.35.0-alpha\opentelemetry-extension-incubator-1.35.0-alpha.jar;C:\Users\prade\.m2\repository\io\opentelemetry\opentelemetry-sdk\1.35.0\opentelemetry-sdk-1.35.0.jar;C:\Users\prade\.m2\repository\io\opentelemetry\opentelemetry-sdk-metrics\1.35.0\opentelemetry-sdk-metrics-1.35.0.jar;C:\Users\prade\.m2\repository\io\opentelemetry\opentelemetry-sdk-logs\1.35.0\opentelemetry-sdk-logs-1.35.0.jar;C:\Users\prade\.m2\repository\net\bytebuddy\byte-buddy\1.14.12\byte-buddy-1.14.12.jar;C:\Users\prade\.m2\repository\org\seleniumhq\selenium\selenium-os\4.18.1\selenium-os-4.18.1.jar;C:\Users\prade\.m2\repository\org\apache\commons\commons-exec\1.3\commons-exec-1.3.jar;C:\Users\prade\.m2\repository\org\seleniumhq\selenium\selenium-safari-driver\4.18.1\selenium-safari-driver-4.18.1.jar;C:\Users\prade\.m2\repository\org\seleniumhq\selenium\selenium-support\4.18.1\selenium-support-4.18.1.jar;C:\Users\prade\.m2\repository\io\github\bonigarcia\webdrivermanager\5.6.3\webdrivermanager-5.6.3.jar;C:\Users\prade\.m2\repository\org\slf4j\slf4j-api\2.0.10\slf4j-api-2.0.10.jar;C:\Users\prade\.m2\repository\com\google\code\gson\gson\2.10.1\gson-2.10.1.jar;C:\Users\prade\.m2\repository\com\github\docker-java\docker-java\3.3.4\docker-java-3.3.4.jar;C:\Users\prade\.m2\repository\com\github\docker-java\docker-java-core\3.3.4\docker-java-core-3.3.4.jar;C:\Users\prade\.m2\repository\com\github\docker-java\docker-java-api\3.3.4\docker-java-api-3.3.4.jar;C:\Users\prade\.m2\repository\com\fasterxml\jackson\core\jackson-annotations\2.10.3\jackson-annotations-2.10.3.jar;C:\Users\prade\.m2\repository\com\fasterxml\jackson\core\jackson-databind\2.10.3\jackson-databind-2.10.3.jar;C:\Users\prade\.m2\repository\com\fasterxml\jackson\core\jackson-core\2.10.3\jackson-core-2.10.3.jar;C:\Users\prade\.m2\repository\org\bouncycastle\bcpkix-jdk18on\1.76\bcpkix-jdk18on-1.76.jar;C:\Users\prade\.m2\repository\org\bouncycastle\bcprov-jdk18on\1.76\bcprov-jdk18on-1.76.jar;C:\Users\prade\.m2\repository\org\bouncycastle\bcutil-jdk18on\1.76\bcutil-jdk18on-1.76.jar;C:\Users\prade\.m2\repository\org\slf4j\jcl-over-slf4j\1.7.30\jcl-over-slf4j-1.7.30.jar;C:\Users\prade\.m2\repository\com\github\docker-java\docker-java-transport-httpclient5\3.3.4\docker-java-transport-httpclient5-3.3.4.jar;C:\Users\prade\.m2\repository\com\github\docker-java\docker-java-transport\3.3.4\docker-java-transport-3.3.4.jar;C:\Users\prade\.m2\repository\net\java\dev\jna\jna\5.13.0\jna-5.13.0.jar;C:\Users\prade\.m2\repository\org\brotli\dec\0.1.2\dec-0.1.2.jar;C:\Users\prade\.m2\repository\org\apache\commons\commons-compress\1.25.0\commons-compress-1.25.0.jar;C:\Users\prade\.m2\repository\org\apache\httpcomponents\client5\httpclient5\5.2.1\httpclient5-5.2.1.jar;C:\Users\prade\.m2\repository\org\apache\httpcomponents\core5\httpcore5\5.2\httpcore5-5.2.jar;C:\Users\prade\.m2\repository\org\apache\httpcomponents\core5\httpcore5-h2\5.2\httpcore5-h2-5.2.jar;C:\Users\prade\.m2\repository\org\apache\poi\poi\5.2.5\poi-5.2.5.jar;C:\Users\prade\.m2\repository\commons-codec\commons-codec\1.16.0\commons-codec-1.16.0.jar;C:\Users\prade\.m2\repository\org\apache\commons\commons-collections4\4.4\commons-collections4-4.4.jar;C:\Users\prade\.m2\repository\org\apache\commons\commons-math3\3.6.1\commons-math3-3.6.1.jar;C:\Users\prade\.m2\repository\com\zaxxer\SparseBitSet\1.3\SparseBitSet-1.3.jar;C:\Users\prade\.m2\repository\org\apache\poi\poi-ooxml\5.2.5\poi-ooxml-5.2.5.jar;C:\Users\prade\.m2\repository\org\apache\poi\poi-ooxml-lite\5.2.5\poi-ooxml-lite-5.2.5.jar;C:\Users\prade\.m2\repository\org\apache\xmlbeans\xmlbeans\5.2.0\xmlbeans-5.2.0.jar;C:\Users\prade\.m2\repository\com\github\virtuald\curvesapi\1.08\curvesapi-1.08.jar;C:\Users\prade\.m2\repository\org\apache\logging\log4j\log4j-core\2.22.1\log4j-core-2.22.1.jar;C:\Users\prade\.m2\repository\org\apache\logging\log4j\log4j-api\2.22.1\log4j-api-2.22.1.jar;C:\Users\prade\.m2\repository\commons-io\commons-io\2.15.1\commons-io-2.15.1.jar;C:\Users\prade\.m2\repository\org\apache\commons\commons-lang3\3.14.0\commons-lang3-3.14.0.jar;C:\Users\prade\.m2\repository\org\testng\testng\7.9.0\testng-7.9.0.jar;C:\Users\prade\.m2\repository\com\beust\jcommander\1.82\jcommander-1.82.jar;C:\Users\prade\.m2\repository\org\webjars\jquery\3.7.1\jquery-3.7.1.jar;C:\Users\prade\.m2\repository\com\aventstack\extentreports\5.1.1\extentreports-5.1.1.jar;C:\Users\prade\.m2\repository\io\reactivex\rxjava3\rxjava\3.1.6\rxjava-3.1.6.jar;C:\Users\prade\.m2\repository\org\reactivestreams\reactive-streams\1.0.4\reactive-streams-1.0.4.jar;C:\Users\prade\.m2\repository\org\freemarker\freemarker\2.3.32\freemarker-2.3.32.jar;C:\Users\prade\.m2\repository\org\projectlombok\lombok\1.18.26\lombok-1.18.26.jar;"/>
    <property name="java.vm.vendor" value="Oracle Corporation"/>
    <property name="sun.arch.data.model" value="64"/>
    <property name="user.variant" value=""/>
    <property name="java.vendor.url" value="https://java.oracle.com/"/>
    <property name="user.timezone" value="Asia/Calcutta"/>
    <property name="os.name" value="Windows 11"/>
    <property name="java.vm.specification.version" value="20"/>
    <property name="sun.java.launcher" value="SUN_STANDARD"/>
    <property name="user.country" value="IN"/>
    <property name="sun.boot.library.path" value="C:\Program Files\Java\jdk-20\bin"/>
    <property name="sun.java.command" value="C:\Users\prade\AppData\Local\Temp\surefire8685406431946958666\surefirebooter-20240417090305258_3.jar C:\Users\prade\AppData\Local\Temp\surefire8685406431946958666 2024-04-17T09-03-04_752-jvmRun1 surefire-20240417090305258_1tmp surefire_0-20240417090305258_2tmp"/>
    <property name="jdk.debug" value="release"/>
    <property name="surefire.test.class.path" value="C:\Users\prade\eclipse-workspace\Brokerage\target\test-classes;C:\Users\prade\eclipse-workspace\Brokerage\target\classes;C:\Users\prade\.m2\repository\org\seleniumhq\selenium\selenium-java\4.18.1\selenium-java-4.18.1.jar;C:\Users\prade\.m2\repository\org\seleniumhq\selenium\selenium-api\4.18.1\selenium-api-4.18.1.jar;C:\Users\prade\.m2\repository\org\seleniumhq\selenium\selenium-chrome-driver\4.18.1\selenium-chrome-driver-4.18.1.jar;C:\Users\prade\.m2\repository\com\google\auto\service\auto-service-annotations\1.1.1\auto-service-annotations-1.1.1.jar;C:\Users\prade\.m2\repository\org\seleniumhq\selenium\selenium-chromium-driver\4.18.1\selenium-chromium-driver-4.18.1.jar;C:\Users\prade\.m2\repository\org\seleniumhq\selenium\selenium-json\4.18.1\selenium-json-4.18.1.jar;C:\Users\prade\.m2\repository\org\seleniumhq\selenium\selenium-manager\4.18.1\selenium-manager-4.18.1.jar;C:\Users\prade\.m2\repository\org\seleniumhq\selenium\selenium-devtools-v120\4.18.1\selenium-devtools-v120-4.18.1.jar;C:\Users\prade\.m2\repository\org\seleniumhq\selenium\selenium-devtools-v121\4.18.1\selenium-devtools-v121-4.18.1.jar;C:\Users\prade\.m2\repository\org\seleniumhq\selenium\selenium-devtools-v122\4.18.1\selenium-devtools-v122-4.18.1.jar;C:\Users\prade\.m2\repository\org\seleniumhq\selenium\selenium-devtools-v85\4.18.1\selenium-devtools-v85-4.18.1.jar;C:\Users\prade\.m2\repository\org\seleniumhq\selenium\selenium-edge-driver\4.18.1\selenium-edge-driver-4.18.1.jar;C:\Users\prade\.m2\repository\org\seleniumhq\selenium\selenium-firefox-driver\4.18.1\selenium-firefox-driver-4.18.1.jar;C:\Users\prade\.m2\repository\org\seleniumhq\selenium\selenium-http\4.18.1\selenium-http-4.18.1.jar;C:\Users\prade\.m2\repository\dev\failsafe\failsafe\3.3.2\failsafe-3.3.2.jar;C:\Users\prade\.m2\repository\org\seleniumhq\selenium\selenium-ie-driver\4.18.1\selenium-ie-driver-4.18.1.jar;C:\Users\prade\.m2\repository\org\seleniumhq\selenium\selenium-remote-driver\4.18.1\selenium-remote-driver-4.18.1.jar;C:\Users\prade\.m2\repository\com\google\guava\guava\33.0.0-jre\guava-33.0.0-jre.jar;C:\Users\prade\.m2\repository\com\google\guava\failureaccess\1.0.2\failureaccess-1.0.2.jar;C:\Users\prade\.m2\repository\com\google\guava\listenablefuture\9999.0-empty-to-avoid-conflict-with-guava\listenablefuture-9999.0-empty-to-avoid-conflict-with-guava.jar;C:\Users\prade\.m2\repository\com\google\code\findbugs\jsr305\3.0.2\jsr305-3.0.2.jar;C:\Users\prade\.m2\repository\org\checkerframework\checker-qual\3.41.0\checker-qual-3.41.0.jar;C:\Users\prade\.m2\repository\com\google\errorprone\error_prone_annotations\2.23.0\error_prone_annotations-2.23.0.jar;C:\Users\prade\.m2\repository\com\google\j2objc\j2objc-annotations\2.8\j2objc-annotations-2.8.jar;C:\Users\prade\.m2\repository\io\opentelemetry\semconv\opentelemetry-semconv\1.23.1-alpha\opentelemetry-semconv-1.23.1-alpha.jar;C:\Users\prade\.m2\repository\io\opentelemetry\opentelemetry-api\1.35.0\opentelemetry-api-1.35.0.jar;C:\Users\prade\.m2\repository\io\opentelemetry\opentelemetry-context\1.35.0\opentelemetry-context-1.35.0.jar;C:\Users\prade\.m2\repository\io\opentelemetry\opentelemetry-exporter-logging\1.35.0\opentelemetry-exporter-logging-1.35.0.jar;C:\Users\prade\.m2\repository\io\opentelemetry\opentelemetry-sdk-common\1.35.0\opentelemetry-sdk-common-1.35.0.jar;C:\Users\prade\.m2\repository\io\opentelemetry\opentelemetry-sdk-extension-autoconfigure-spi\1.35.0\opentelemetry-sdk-extension-autoconfigure-spi-1.35.0.jar;C:\Users\prade\.m2\repository\io\opentelemetry\opentelemetry-sdk-extension-autoconfigure\1.35.0\opentelemetry-sdk-extension-autoconfigure-1.35.0.jar;C:\Users\prade\.m2\repository\io\opentelemetry\opentelemetry-api-events\1.35.0-alpha\opentelemetry-api-events-1.35.0-alpha.jar;C:\Users\prade\.m2\repository\io\opentelemetry\opentelemetry-sdk-trace\1.35.0\opentelemetry-sdk-trace-1.35.0.jar;C:\Users\prade\.m2\repository\io\opentelemetry\opentelemetry-extension-incubator\1.35.0-alpha\opentelemetry-extension-incubator-1.35.0-alpha.jar;C:\Users\prade\.m2\repository\io\opentelemetry\opentelemetry-sdk\1.35.0\opentelemetry-sdk-1.35.0.jar;C:\Users\prade\.m2\repository\io\opentelemetry\opentelemetry-sdk-metrics\1.35.0\opentelemetry-sdk-metrics-1.35.0.jar;C:\Users\prade\.m2\repository\io\opentelemetry\opentelemetry-sdk-logs\1.35.0\opentelemetry-sdk-logs-1.35.0.jar;C:\Users\prade\.m2\repository\net\bytebuddy\byte-buddy\1.14.12\byte-buddy-1.14.12.jar;C:\Users\prade\.m2\repository\org\seleniumhq\selenium\selenium-os\4.18.1\selenium-os-4.18.1.jar;C:\Users\prade\.m2\repository\org\apache\commons\commons-exec\1.3\commons-exec-1.3.jar;C:\Users\prade\.m2\repository\org\seleniumhq\selenium\selenium-safari-driver\4.18.1\selenium-safari-driver-4.18.1.jar;C:\Users\prade\.m2\repository\org\seleniumhq\selenium\selenium-support\4.18.1\selenium-support-4.18.1.jar;C:\Users\prade\.m2\repository\io\github\bonigarcia\webdrivermanager\5.6.3\webdrivermanager-5.6.3.jar;C:\Users\prade\.m2\repository\org\slf4j\slf4j-api\2.0.10\slf4j-api-2.0.10.jar;C:\Users\prade\.m2\repository\com\google\code\gson\gson\2.10.1\gson-2.10.1.jar;C:\Users\prade\.m2\repository\com\github\docker-java\docker-java\3.3.4\docker-java-3.3.4.jar;C:\Users\prade\.m2\repository\com\github\docker-java\docker-java-core\3.3.4\docker-java-core-3.3.4.jar;C:\Users\prade\.m2\repository\com\github\docker-java\docker-java-api\3.3.4\docker-java-api-3.3.4.jar;C:\Users\prade\.m2\repository\com\fasterxml\jackson\core\jackson-annotations\2.10.3\jackson-annotations-2.10.3.jar;C:\Users\prade\.m2\repository\com\fasterxml\jackson\core\jackson-databind\2.10.3\jackson-databind-2.10.3.jar;C:\Users\prade\.m2\repository\com\fasterxml\jackson\core\jackson-core\2.10.3\jackson-core-2.10.3.jar;C:\Users\prade\.m2\repository\org\bouncycastle\bcpkix-jdk18on\1.76\bcpkix-jdk18on-1.76.jar;C:\Users\prade\.m2\repository\org\bouncycastle\bcprov-jdk18on\1.76\bcprov-jdk18on-1.76.jar;C:\Users\prade\.m2\repository\org\bouncycastle\bcutil-jdk18on\1.76\bcutil-jdk18on-1.76.jar;C:\Users\prade\.m2\repository\org\slf4j\jcl-over-slf4j\1.7.30\jcl-over-slf4j-1.7.30.jar;C:\Users\prade\.m2\repository\com\github\docker-java\docker-java-transport-httpclient5\3.3.4\docker-java-transport-httpclient5-3.3.4.jar;C:\Users\prade\.m2\repository\com\github\docker-java\docker-java-transport\3.3.4\docker-java-transport-3.3.4.jar;C:\Users\prade\.m2\repository\net\java\dev\jna\jna\5.13.0\jna-5.13.0.jar;C:\Users\prade\.m2\repository\org\brotli\dec\0.1.2\dec-0.1.2.jar;C:\Users\prade\.m2\repository\org\apache\commons\commons-compress\1.25.0\commons-compress-1.25.0.jar;C:\Users\prade\.m2\repository\org\apache\httpcomponents\client5\httpclient5\5.2.1\httpclient5-5.2.1.jar;C:\Users\prade\.m2\repository\org\apache\httpcomponents\core5\httpcore5\5.2\httpcore5-5.2.jar;C:\Users\prade\.m2\repository\org\apache\httpcomponents\core5\httpcore5-h2\5.2\httpcore5-h2-5.2.jar;C:\Users\prade\.m2\repository\org\apache\poi\poi\5.2.5\poi-5.2.5.jar;C:\Users\prade\.m2\repository\commons-codec\commons-codec\1.16.0\commons-codec-1.16.0.jar;C:\Users\prade\.m2\repository\org\apache\commons\commons-collections4\4.4\commons-collections4-4.4.jar;C:\Users\prade\.m2\repository\org\apache\commons\commons-math3\3.6.1\commons-math3-3.6.1.jar;C:\Users\prade\.m2\repository\com\zaxxer\SparseBitSet\1.3\SparseBitSet-1.3.jar;C:\Users\prade\.m2\repository\org\apache\poi\poi-ooxml\5.2.5\poi-ooxml-5.2.5.jar;C:\Users\prade\.m2\repository\org\apache\poi\poi-ooxml-lite\5.2.5\poi-ooxml-lite-5.2.5.jar;C:\Users\prade\.m2\repository\org\apache\xmlbeans\xmlbeans\5.2.0\xmlbeans-5.2.0.jar;C:\Users\prade\.m2\repository\com\github\virtuald\curvesapi\1.08\curvesapi-1.08.jar;C:\Users\prade\.m2\repository\org\apache\logging\log4j\log4j-core\2.22.1\log4j-core-2.22.1.jar;C:\Users\prade\.m2\repository\org\apache\logging\log4j\log4j-api\2.22.1\log4j-api-2.22.1.jar;C:\Users\prade\.m2\repository\commons-io\commons-io\2.15.1\commons-io-2.15.1.jar;C:\Users\prade\.m2\repository\org\apache\commons\commons-lang3\3.14.0\commons-lang3-3.14.0.jar;C:\Users\prade\.m2\repository\org\testng\testng\7.9.0\testng-7.9.0.jar;C:\Users\prade\.m2\repository\com\beust\jcommander\1.82\jcommander-1.82.jar;C:\Users\prade\.m2\repository\org\webjars\jquery\3.7.1\jquery-3.7.1.jar;C:\Users\prade\.m2\repository\com\aventstack\extentreports\5.1.1\extentreports-5.1.1.jar;C:\Users\prade\.m2\repository\io\reactivex\rxjava3\rxjava\3.1.6\rxjava-3.1.6.jar;C:\Users\prade\.m2\repository\org\reactivestreams\reactive-streams\1.0.4\reactive-streams-1.0.4.jar;C:\Users\prade\.m2\repository\org\freemarker\freemarker\2.3.32\freemarker-2.3.32.jar;C:\Users\prade\.m2\repository\org\projectlombok\lombok\1.18.26\lombok-1.18.26.jar;"/>
    <property name="sun.cpu.endian" value="little"/>
    <property name="user.home" value="C:\Users\prade"/>
    <property name="user.language" value="en"/>
    <property name="java.specification.vendor" value="Oracle Corporation"/>
    <property name="java.version.date" value="2023-07-18"/>
    <property name="java.home" value="C:\Program Files\Java\jdk-20"/>
    <property name="file.separator" value="\"/>
    <property name="basedir" value="C:\Users\prade\eclipse-workspace\Brokerage"/>
    <property name="style.color" value="always"/>
    <property name="java.vm.compressedOopsMode" value="32-bit"/>
    <property name="line.separator" value="&#10;"/>
    <property name="java.vm.specification.vendor" value="Oracle Corporation"/>
    <property name="java.specification.name" value="Java Platform API Specification"/>
    <property name="surefire.real.class.path" value="C:\Users\prade\AppData\Local\Temp\surefire8685406431946958666\surefirebooter-20240417090305258_3.jar"/>
    <property name="user.script" value=""/>
    <property name="sun.management.compiler" value="HotSpot 64-Bit Tiered Compilers"/>
    <property name="java.runtime.version" value="20.0.2+9-78"/>
    <property name="user.name" value="prade"/>
    <property name="stdout.encoding" value="Cp1252"/>
    <property name="path.separator" value=";"/>
    <property name="os.version" value="10.0"/>
    <property name="java.runtime.name" value="Java(TM) SE Runtime Environment"/>
    <property name="file.encoding" value="UTF-8"/>
    <property name="java.vm.name" value="Java HotSpot(TM) 64-Bit Server VM"/>
    <property name="localRepository" value="C:\Users\prade\.m2\repository"/>
    <property name="java.vendor.url.bug" value="https://bugreport.java.com/bugreport/"/>
    <property name="java.io.tmpdir" value="C:\Users\prade\AppData\Local\Temp\"/>
    <property name="java.version" value="20.0.2"/>
    <property name="user.dir" value="C:\Users\prade\eclipse-workspace\Brokerage"/>
    <property name="os.arch" value="amd64"/>
    <property name="java.vm.specification.name" value="Java Virtual Machine Specification"/>
    <property name="sun.os.patch.level" value=""/>
    <property name="native.encoding" value="Cp1252"/>
    <property name="java.library.path" value="C:\Program Files\Java\jdk-20\bin;C:\Windows\Sun\Java\bin;C:\Windows\system32;C:\Windows;C:/Program Files/Java/jdk-20/bin/server;C:/Program Files/Java/jdk-20/bin;C:\Program Files\Common Files\Oracle\Java\javapath;C:\Windows\system32;C:\Windows;C:\Windows\System32\Wbem;C:\Windows\System32\WindowsPowerShell\v1.0\;C:\Windows\System32\OpenSSH\;C:\Program Files\Java\jdk-20\bin;C:\apache-maven-3.9.6\bin;C:\Users\prade\AppData\Local\Microsoft\WindowsApps;;C:\Users\prade\OneDrive\Desktop;;."/>
    <property name="java.vm.info" value="mixed mode, sharing"/>
    <property name="stderr.encoding" value="Cp1252"/>
    <property name="java.vendor" value="Oracle Corporation"/>
    <property name="java.vm.version" value="20.0.2+9-78"/>
    <property name="sun.io.unicode.encoding" value="UnicodeLittle"/>
    <property name="java.class.version" value="64.0"/>
  </properties>
  <testcase name="verify_signup" classname="testCases.TC_001_SignupTestbyVerifyEmail" time="67.311">
    <system-out><![CDATA[09:03:26.567 [main] INFO  testCases.TC_001_SignupTestbyVerifyEmail - ***  Starting TC_001_SignupTest through Email  ***
09:03:26.948 [main] INFO  testCases.TC_001_SignupTestbyVerifyEmail - *  Providing User Data  *
09:03:27.269 [main] INFO  testCases.TC_001_SignupTestbyVerifyEmail - *  Name Provided  *
09:03:27.651 [main] INFO  testCases.TC_001_SignupTestbyVerifyEmail - *  Email1 Provided  *
09:03:28.043 [main] INFO  testCases.TC_001_SignupTestbyVerifyEmail - *  Broker name Provided  *
09:03:28.338 [main] INFO  testCases.TC_001_SignupTestbyVerifyEmail - *  Password Provided  *
09:03:28.476 [main] INFO  testCases.TC_001_SignupTestbyVerifyEmail - * Clicked on GetStarted *
09:03:43.800 [main] INFO  testCases.TC_001_SignupTestbyVerifyEmail - * Clicked on Enter Code Manually *
09:03:48.425 [main] INFO  testCases.TC_001_SignupTestbyVerifyEmail - * Navigate to Yopmail *
09:03:55.680 [main] INFO  testCases.TC_001_SignupTestbyVerifyEmail - * Email1 Entered *
09:03:58.134 [main] INFO  testCases.TC_001_SignupTestbyVerifyEmail - * Clicked on Verify Now *
09:03:58.193 [main] INFO  testCases.TC_001_SignupTestbyVerifyEmail - Window ID   13C88F5EB97424413724D94970F76490
09:04:03.068 [main] INFO  testCases.TC_001_SignupTestbyVerifyEmail - Page Title  Xsel
09:04:12.643 [main] INFO  testCases.TC_001_SignupTestbyVerifyEmail - *  Providing Username & Pswd  *
09:04:14.258 [main] INFO  testCases.TC_001_SignupTestbyVerifyEmail - *  Clicked on Login button  *
09:04:33.599 [main] INFO  testCases.TC_001_SignupTestbyVerifyEmail - *  Clicked on Profile Menu button  *
09:04:33.699 [main] INFO  testCases.TC_001_SignupTestbyVerifyEmail - Profile Menu Email1 is --Pradeep_177@yopmail.com
09:04:33.756 [main] INFO  testCases.TC_001_SignupTestbyVerifyEmail - Pradeep_177@yopmail.com
09:04:33.756 [main] INFO  testCases.TC_001_SignupTestbyVerifyEmail - Pradeep_177@yopmail.com
09:04:33.804 [main] INFO  testCases.TC_001_SignupTestbyVerifyEmail - ***  Finished TC_001_SignupTest through Email1  ***
]]></system-out>
    <system-err><![CDATA[SLF4J(W): No SLF4J providers were found.
SLF4J(W): Defaulting to no-operation (NOP) logger implementation
SLF4J(W): See https://www.slf4j.org/codes.html#noProviders for further details.
Apr 17, 2024 9:03:12 AM org.openqa.selenium.devtools.CdpVersionFinder findNearestMatch
WARNING: Unable to find an exact match for CDP version 123, returning the closest version; found: 122; Please update to a Selenium version that supports CDP version 123
]]></system-err>
  </testcase>
  <testcase name="verify_signup" classname="testCases.TC_002_SignupTestbyOTP" time="70.188">
    <system-out><![CDATA[09:04:49.731 [main] INFO  testCases.TC_002_SignupTestbyOTP - ***  Starting TC_002_SignupTest OTP  ***
09:04:49.919 [main] INFO  testCases.TC_002_SignupTestbyOTP - *  Providing User Data  *
09:04:50.221 [main] INFO  testCases.TC_002_SignupTestbyOTP - *  Name2 Provided  *
09:04:50.560 [main] INFO  testCases.TC_002_SignupTestbyOTP - *  Email Provided  *
09:04:50.905 [main] INFO  testCases.TC_002_SignupTestbyOTP - *  Broker Name2 Provided  *
09:04:51.189 [main] INFO  testCases.TC_002_SignupTestbyOTP - *  Password Provided  *
09:04:51.307 [main] INFO  testCases.TC_002_SignupTestbyOTP - * Clicked on GetStarted *
09:05:06.563 [main] INFO  testCases.TC_002_SignupTestbyOTP - * Clicked on Enter Code Manually *
09:05:13.945 [main] INFO  testCases.TC_002_SignupTestbyOTP - * Navigate to Yopmail *
09:05:14.231 [main] INFO  testCases.TC_002_SignupTestbyOTP - * Email Entered *
09:05:19.084 [main] INFO  testCases.TC_002_SignupTestbyOTP - 2675
09:05:29.789 [main] INFO  testCases.TC_002_SignupTestbyOTP - * otp entered *
09:05:32.994 [main] INFO  testCases.TC_002_SignupTestbyOTP - * clicked verify *
09:05:38.958 [main] INFO  testCases.TC_002_SignupTestbyOTP - *  Providing UserName2 & Pswd  *
09:05:40.509 [main] INFO  testCases.TC_002_SignupTestbyOTP - *  Clicked on Login button  *
09:05:59.732 [main] INFO  testCases.TC_002_SignupTestbyOTP - *  Clicked on Profile Menu button  *
09:05:59.804 [main] INFO  testCases.TC_002_SignupTestbyOTP - Profile Menu Email is --Pradeep_178@yopmail.com
09:05:59.856 [main] INFO  testCases.TC_002_SignupTestbyOTP - Pradeep_178@yopmail.com
09:05:59.856 [main] INFO  testCases.TC_002_SignupTestbyOTP - Pradeep_178@yopmail.com
09:05:59.911 [main] INFO  testCases.TC_002_SignupTestbyOTP - ***  Finished TC_002_SignupTest OTP  ***
]]></system-out>
    <system-err><![CDATA[Apr 17, 2024 9:04:36 AM org.openqa.selenium.devtools.CdpVersionFinder findNearestMatch
WARNING: Unable to find an exact match for CDP version 123, returning the closest version; found: 122; Please update to a Selenium version that supports CDP version 123
]]></system-err>
  </testcase>
  <testcase name="verify_login" classname="testCases.TC_003_LoginTest" time="17.09">
    <system-out><![CDATA[09:06:15.985 [main] INFO  testCases.TC_003_LoginTest - ***  Starting TC_003_LoginTest  ***
09:06:15.987 [main] INFO  testCases.TC_003_LoginTest - *  Providing Username & Pswd  *
09:06:17.626 [main] INFO  testCases.TC_003_LoginTest - *  Clicked on Login button  *
09:06:32.854 [main] INFO  testCases.TC_003_LoginTest - *  Clicked on Profile Menu button  *
09:06:32.972 [main] INFO  testCases.TC_003_LoginTest - Profile Menu Email is --pradeep_1@yopmail.com
09:06:33.018 [main] INFO  testCases.TC_003_LoginTest - pradeep_1@yopmail.com
09:06:33.018 [main] INFO  testCases.TC_003_LoginTest - Pradeep_1@yopmail.com
09:06:33.067 [main] INFO  testCases.TC_003_LoginTest - ***  Finished TC_003_Login  ***
]]></system-out>
    <system-err><![CDATA[Apr 17, 2024 9:06:02 AM org.openqa.selenium.devtools.CdpVersionFinder findNearestMatch
WARNING: Unable to find an exact match for CDP version 123, returning the closest version; found: 122; Please update to a Selenium version that supports CDP version 123
]]></system-err>
  </testcase>
  <testcase name="verify_loginDDT[pradeep_1@yopmail.com, Abcd@1234, Valid](1)" classname="testCases.TC_004_LoginDDT" time="21.776">
    <system-out><![CDATA[09:06:56.703 [main] INFO  testCases.TC_004_LoginDDT - ****  Starting TC_004_LoginDDT   ****
09:06:57.026 [main] INFO  testCases.TC_004_LoginDDT - *  Providing Username & Pswd  *
09:06:57.971 [main] INFO  testCases.TC_004_LoginDDT - *  Clicked on Login button  *
09:07:18.472 [main] INFO  testCases.TC_004_LoginDDT - ***  Finished TC_004_LoginDDT  ***
]]></system-out>
    <system-err><![CDATA[Apr 17, 2024 9:06:35 AM org.openqa.selenium.devtools.CdpVersionFinder findNearestMatch
WARNING: Unable to find an exact match for CDP version 123, returning the closest version; found: 122; Please update to a Selenium version that supports CDP version 123
]]></system-err>
  </testcase>
  <testcase name="verify_loginDDT[pradeep_2@yopmail.com, Abcd@1234, Valid](2)" classname="testCases.TC_004_LoginDDT" time="29.812">
    <system-out><![CDATA[09:07:18.475 [main] INFO  testCases.TC_004_LoginDDT - ****  Starting TC_004_LoginDDT   ****
09:07:26.726 [main] INFO  testCases.TC_004_LoginDDT - *  Providing Username & Pswd  *
09:07:27.756 [main] INFO  testCases.TC_004_LoginDDT - *  Clicked on Login button  *
09:07:48.279 [main] INFO  testCases.TC_004_LoginDDT - ***  Finished TC_004_LoginDDT  ***
]]></system-out>
  </testcase>
  <testcase name="verify_loginDDT[Pradeep_3@yopmail.com, Abcd@1236, Invalid](3)" classname="testCases.TC_004_LoginDDT" time="46.124">
    <system-out><![CDATA[09:07:48.287 [main] INFO  testCases.TC_004_LoginDDT - ****  Starting TC_004_LoginDDT   ****
09:07:57.471 [main] INFO  testCases.TC_004_LoginDDT - *  Providing Username & Pswd  *
09:07:58.313 [main] INFO  testCases.TC_004_LoginDDT - *  Clicked on Login button  *
09:08:34.411 [main] INFO  testCases.TC_004_LoginDDT - ***  Finished TC_004_LoginDDT  ***
]]></system-out>
  </testcase>
  <testcase name="verify_loginDDT[Pradeep_4@yopmail.com, Abcd@1237, Invalid](4)" classname="testCases.TC_004_LoginDDT" time="38.107">
    <system-out><![CDATA[09:08:34.418 [main] INFO  testCases.TC_004_LoginDDT - ****  Starting TC_004_LoginDDT   ****
09:08:34.930 [main] INFO  testCases.TC_004_LoginDDT - *  Providing Username & Pswd  *
09:08:35.845 [main] INFO  testCases.TC_004_LoginDDT - *  Clicked on Login button  *
09:09:12.523 [main] INFO  testCases.TC_004_LoginDDT - ***  Finished TC_004_LoginDDT  ***
]]></system-out>
  </testcase>
  <testcase name="verify_loginDDT[pradeep_5@yopmail.com, Abcd@1238, Invalid](5)" classname="testCases.TC_004_LoginDDT" time="37.015">
    <system-out><![CDATA[09:09:12.525 [main] INFO  testCases.TC_004_LoginDDT - ****  Starting TC_004_LoginDDT   ****
09:09:12.983 [main] INFO  testCases.TC_004_LoginDDT - *  Providing Username & Pswd  *
09:09:13.860 [main] INFO  testCases.TC_004_LoginDDT - *  Clicked on Login button  *
09:09:49.537 [main] INFO  testCases.TC_004_LoginDDT - ***  Finished TC_004_LoginDDT  ***
]]></system-out>
  </testcase>
  <testcase name="verify_loginDDT[pradeep_6@yopmail.com, Abcd@1239, Invalid](6)" classname="testCases.TC_004_LoginDDT" time="38.206">
    <system-out><![CDATA[09:09:49.541 [main] INFO  testCases.TC_004_LoginDDT - ****  Starting TC_004_LoginDDT   ****
09:09:49.917 [main] INFO  testCases.TC_004_LoginDDT - *  Providing Username & Pswd  *
09:09:50.908 [main] INFO  testCases.TC_004_LoginDDT - *  Clicked on Login button  *
09:10:27.747 [main] INFO  testCases.TC_004_LoginDDT - ***  Finished TC_004_LoginDDT  ***
]]></system-out>
  </testcase>
  <testcase name="verify_loginDDT[pradeep_7@yopmail.com, Abcd@1240, Invalid](7)" classname="testCases.TC_004_LoginDDT" time="38.806">
    <system-out><![CDATA[09:10:27.750 [main] INFO  testCases.TC_004_LoginDDT - ****  Starting TC_004_LoginDDT   ****
09:10:28.127 [main] INFO  testCases.TC_004_LoginDDT - *  Providing Username & Pswd  *
09:10:29.140 [main] INFO  testCases.TC_004_LoginDDT - *  Clicked on Login button  *
09:11:06.553 [main] INFO  testCases.TC_004_LoginDDT - ***  Finished TC_004_LoginDDT  ***
]]></system-out>
  </testcase>
  <testcase name="verify_loginDDT[pradeep_8@yopmail.com, Abcd@1241, Invalid](8)" classname="testCases.TC_004_LoginDDT" time="34.317">
    <system-out><![CDATA[09:11:06.556 [main] INFO  testCases.TC_004_LoginDDT - ****  Starting TC_004_LoginDDT   ****
09:11:06.815 [main] INFO  testCases.TC_004_LoginDDT - *  Providing Username & Pswd  *
09:11:07.771 [main] INFO  testCases.TC_004_LoginDDT - *  Clicked on Login button  *
09:11:40.867 [main] INFO  testCases.TC_004_LoginDDT - ***  Finished TC_004_LoginDDT  ***
]]></system-out>
  </testcase>
  <testcase name="verify_loginDDT[pradeep_9@yopmail.com, Abcd@1242, Invalid](9)" classname="testCases.TC_004_LoginDDT" time="31.54">
    <system-out><![CDATA[09:11:40.873 [main] INFO  testCases.TC_004_LoginDDT - ****  Starting TC_004_LoginDDT   ****
09:11:41.273 [main] INFO  testCases.TC_004_LoginDDT - *  Providing Username & Pswd  *
09:11:42.320 [main] INFO  testCases.TC_004_LoginDDT - *  Clicked on Login button  *
09:12:12.406 [main] INFO  testCases.TC_004_LoginDDT - ***  Finished TC_004_LoginDDT  ***
]]></system-out>
  </testcase>
  <testcase name="verify_loginDDT[, , ](10)" classname="testCases.TC_004_LoginDDT" time="32.287">
    <system-out><![CDATA[09:12:12.406 [main] INFO  testCases.TC_004_LoginDDT - ****  Starting TC_004_LoginDDT   ****
09:12:14.257 [main] INFO  testCases.TC_004_LoginDDT - *  Providing Username & Pswd  *
09:12:14.675 [main] INFO  testCases.TC_004_LoginDDT - *  Clicked on Login button  *
09:12:44.710 [main] INFO  testCases.TC_004_LoginDDT - ***  Finished TC_004_LoginDDT  ***
]]></system-out>
  </testcase>
  <testcase name="verify_signup" classname="testCases.TC_005_ForgotPassword" time="38.579">
    <system-out><![CDATA[09:13:05.374 [main] INFO  testCases.TC_005_ForgotPassword - ***  Starting TC_005_ForgotPassword through Email  ***
09:13:14.208 [main] INFO  testCases.TC_005_ForgotPassword - * Navigate to Yopmail *
09:13:14.435 [main] INFO  testCases.TC_005_ForgotPassword - * Email Entered *
09:13:18.385 [main] INFO  testCases.TC_005_ForgotPassword - Window ID   7B083745008F8B582971396A23C1A156
09:13:18.948 [main] INFO  testCases.TC_005_ForgotPassword - Page Title  Xsel
09:13:24.896 [main] INFO  testCases.TC_005_ForgotPassword - *  Providing Username & Pswd  *
09:13:28.480 [main] INFO  testCases.TC_005_ForgotPassword - *  Clicked on Login button  *
09:13:43.760 [main] INFO  testCases.TC_005_ForgotPassword - *  Clicked on Profile Menu button  *
09:13:43.871 [main] INFO  testCases.TC_005_ForgotPassword - Profile Menu Email is --Pradeep_143@yopmail.com
09:13:43.912 [main] INFO  testCases.TC_005_ForgotPassword - Pradeep_143@yopmail.com
09:13:43.912 [main] INFO  testCases.TC_005_ForgotPassword - Pradeep_143@yopmail.com
09:13:43.953 [main] INFO  testCases.TC_005_ForgotPassword - ***  Finished TC_005_ForgotPassword  ***
]]></system-out>
    <system-err><![CDATA[Apr 17, 2024 9:12:47 AM org.openqa.selenium.devtools.CdpVersionFinder findNearestMatch
WARNING: Unable to find an exact match for CDP version 123, returning the closest version; found: 122; Please update to a Selenium version that supports CDP version 123
]]></system-err>
  </testcase>
</testsuite>