<?xml version="1.0" encoding="UTF-8"?>
<!-- Generated by org.testng.reporters.JUnitReportReporter -->
<testsuite hostname="Pradeep_Machine" failures="0" tests="10" name="testCases.TC_002_LoginDDT" time="394.379" errors="0" timestamp="2024-01-16T16:48:43 IST" skipped="0">
  <testcase classname="testCases.TC_002_LoginDDT" name="verify_loginDDT" time="41.234"/>
  <testcase classname="testCases.TC_002_LoginDDT" name="verify_loginDDT" time="42.948"/>
  <testcase classname="testCases.TC_002_LoginDDT" name="verify_loginDDT" time="40.991"/>
  <testcase classname="testCases.TC_002_LoginDDT" name="verify_loginDDT" time="40.916"/>
  <testcase classname="testCases.TC_002_LoginDDT" name="verify_loginDDT" time="31.254"/>
  <testcase classname="testCases.TC_002_LoginDDT" name="verify_loginDDT" time="40.968"/>
  <testcase classname="testCases.TC_002_LoginDDT" name="verify_loginDDT" time="33.515"/>
  <testcase classname="testCases.TC_002_LoginDDT" name="verify_loginDDT" time="41.057"/>
  <testcase classname="testCases.TC_002_LoginDDT" name="verify_loginDDT" time="40.900"/>
  <testcase classname="testCases.TC_002_LoginDDT" name="verify_loginDDT" time="40.596"/>
</testsuite> <!-- testCases.TC_002_LoginDDT -->
