<?xml version="1.0" encoding="UTF-8"?>
<!-- Generated by org.testng.reporters.JUnitReportReporter -->
<testsuite hostname="Pradeep_Machine" failures="0" tests="1" name="testCases.TC_001_SignupTestbyVerifyEmail" time="65.329" errors="0" timestamp="2024-02-09T16:47:40 IST" skipped="0">
  <testcase classname="testCases.TC_001_SignupTestbyVerifyEmail" name="verify_signup" time="65.329"/>
</testsuite> <!-- testCases.TC_001_SignupTestbyVerifyEmail -->
