<?xml version="1.0" encoding="UTF-8"?>
<!-- Generated by org.testng.reporters.JUnitReportReporter -->
<testsuite hostname="Pradeep_Machine" failures="0" tests="1" name="testCases.TC_001_SignupTestbyVerifyEmail" time="59.070" errors="0" timestamp="2024-05-03T13:02:52 IST" skipped="0">
  <testcase classname="testCases.TC_001_SignupTestbyVerifyEmail" name="verify_signup" time="59.070"/>
</testsuite> <!-- testCases.TC_001_SignupTestbyVerifyEmail -->
