<?xml version="1.0" encoding="UTF-8"?>
<!-- Generated by org.testng.reporters.JUnitReportReporter -->
<testsuite hostname="Pradeep_Machine" failures="0" tests="1" name="testCases.TC_002_LoginTest" time="41.427" errors="0" timestamp="2024-02-02T14:40:51 IST" skipped="0">
  <testcase classname="testCases.TC_002_LoginTest" name="verify_login" time="41.427"/>
</testsuite> <!-- testCases.TC_002_LoginTest -->
