<?xml version="1.0" encoding="UTF-8"?>
<!-- Generated by org.testng.reporters.JUnitReportReporter -->
<testsuite hostname="Pradeep_Machine" failures="0" tests="1" name="testCases.TC_002_SignupTestbyOTP" time="67.545" errors="0" timestamp="2024-02-15T18:32:02 IST" skipped="0">
  <testcase classname="testCases.TC_002_SignupTestbyOTP" name="verify_signup" time="67.545"/>
</testsuite> <!-- testCases.TC_002_SignupTestbyOTP -->
