<?xml version="1.0" encoding="UTF-8"?>
<!-- Generated by org.testng.reporters.JUnitReportReporter -->
<testsuite hostname="Pradeep_Machine" failures="0" tests="10" name="testCases.TC_003_LoginDDT" time="393.073" errors="0" timestamp="2024-02-02T14:40:51 IST" skipped="0">
  <testcase classname="testCases.TC_003_LoginDDT" name="verify_loginDDT" time="40.954"/>
  <testcase classname="testCases.TC_003_LoginDDT" name="verify_loginDDT" time="40.866"/>
  <testcase classname="testCases.TC_003_LoginDDT" name="verify_loginDDT" time="40.863"/>
  <testcase classname="testCases.TC_003_LoginDDT" name="verify_loginDDT" time="42.774"/>
  <testcase classname="testCases.TC_003_LoginDDT" name="verify_loginDDT" time="40.969"/>
  <testcase classname="testCases.TC_003_LoginDDT" name="verify_loginDDT" time="31.199"/>
  <testcase classname="testCases.TC_003_LoginDDT" name="verify_loginDDT" time="33.280"/>
  <testcase classname="testCases.TC_003_LoginDDT" name="verify_loginDDT" time="40.865"/>
  <testcase classname="testCases.TC_003_LoginDDT" name="verify_loginDDT" time="40.405"/>
  <testcase classname="testCases.TC_003_LoginDDT" name="verify_loginDDT" time="40.898"/>
</testsuite> <!-- testCases.TC_003_LoginDDT -->
