<?xml version="1.0" encoding="UTF-8"?>
<!-- Generated by org.testng.reporters.JUnitReportReporter -->
<testsuite hostname="Pradeep_Machine" failures="0" tests="1" name="testCases.TC_001_Login" time="4.461" errors="0" timestamp="2024-01-08T18:01:47 IST" skipped="0">
  <testcase classname="testCases.TC_001_Login" name="test_login" time="4.461"/>
</testsuite> <!-- testCases.TC_001_Login -->
