<?xml version="1.0" encoding="UTF-8"?>
<!-- Generated by org.testng.reporters.JUnitReportReporter -->
<testsuite hostname="Pradeep_Machine" failures="0" tests="1" name="testCases.TC_001_SignupTest" time="41.344" errors="0" timestamp="2024-02-09T16:39:36 IST" skipped="0">
  <testcase classname="testCases.TC_001_SignupTest" name="verify_signup" time="41.344"/>
</testsuite> <!-- testCases.TC_001_SignupTest -->
