<?xml version="1.0" encoding="UTF-8"?>
<!-- Generated by org.testng.reporters.JUnitReportReporter -->
<testsuite hostname="Pradeep_Machine" failures="0" tests="10" name="testCases.TC_004_LoginDDT" time="324.512" errors="0" timestamp="2024-04-17T08:49:14 IST" skipped="0">
  <testcase classname="testCases.TC_004_LoginDDT" name="verify_loginDDT" time="35.180"/>
  <testcase classname="testCases.TC_004_LoginDDT" name="verify_loginDDT" time="31.027"/>
  <testcase classname="testCases.TC_004_LoginDDT" name="verify_loginDDT" time="21.953"/>
  <testcase classname="testCases.TC_004_LoginDDT" name="verify_loginDDT" time="35.977"/>
  <testcase classname="testCases.TC_004_LoginDDT" name="verify_loginDDT" time="24.958"/>
  <testcase classname="testCases.TC_004_LoginDDT" name="verify_loginDDT" time="32.376"/>
  <testcase classname="testCases.TC_004_LoginDDT" name="verify_loginDDT" time="37.013"/>
  <testcase classname="testCases.TC_004_LoginDDT" name="verify_loginDDT" time="33.044"/>
  <testcase classname="testCases.TC_004_LoginDDT" name="verify_loginDDT" time="36.893"/>
  <testcase classname="testCases.TC_004_LoginDDT" name="verify_loginDDT" time="36.091"/>
</testsuite> <!-- testCases.TC_004_LoginDDT -->
