<?xml version="1.0" encoding="UTF-8"?>
<!-- Generated by org.testng.reporters.JUnitReportReporter -->
<testsuite hostname="Pradeep_Machine" failures="0" tests="1" name="testCases.TC_005_ForgotPassword" time="38.263" errors="0" timestamp="2024-04-17T08:49:14 IST" skipped="0">
  <testcase classname="testCases.TC_005_ForgotPassword" name="verify_signup" time="38.263"/>
</testsuite> <!-- testCases.TC_005_ForgotPassword -->
