<?xml version="1.0" encoding="UTF-8"?>
<!-- Generated by org.testng.reporters.JUnitReportReporter -->
<testsuite hostname="Pradeep_Machine" failures="0" tests="1" name="testCases.TC_001_LoginTest" time="41.660" errors="0" timestamp="2024-01-16T16:48:43 IST" skipped="0">
  <testcase classname="testCases.TC_001_LoginTest" name="verify_login" time="41.660"/>
</testsuite> <!-- testCases.TC_001_LoginTest -->
