<?xml version="1.0" encoding="UTF-8"?>
<!-- Generated by org.testng.reporters.JUnitReportReporter -->
<testsuite hostname="Pradeep_Machine" failures="0" tests="1" name="testCases.TC_002_SignupTestbyOTP" time="72.617" errors="0" timestamp="2024-02-23T12:01:03 IST" skipped="0">
  <testcase classname="testCases.TC_002_SignupTestbyOTP" name="verify_signup" time="72.617"/>
</testsuite> <!-- testCases.TC_002_SignupTestbyOTP -->
