<?xml version="1.0" encoding="UTF-8"?>
<!-- Generated by org.testng.reporters.JUnitReportReporter -->
<testsuite hostname="Pradeep_Machine" failures="0" tests="1" name="testCases.TC_001_SignupTestbyVerifyEmail" time="67.275" errors="0" timestamp="2024-04-17T09:13:46 IST" skipped="0">
  <testcase classname="testCases.TC_001_SignupTestbyVerifyEmail" name="verify_signup" time="67.275"/>
</testsuite> <!-- testCases.TC_001_SignupTestbyVerifyEmail -->
