<?xml version="1.0" encoding="UTF-8"?>
<!-- Generated by org.testng.reporters.JUnitReportReporter -->
<testsuite hostname="Pradeep_Machine" failures="0" tests="10" name="testCases.TC_004_LoginDDT" time="347.998" errors="0" timestamp="2024-04-17T09:13:46 IST" skipped="0">
  <testcase classname="testCases.TC_004_LoginDDT" name="verify_loginDDT" time="46.124"/>
  <testcase classname="testCases.TC_004_LoginDDT" name="verify_loginDDT" time="38.809"/>
  <testcase classname="testCases.TC_004_LoginDDT" name="verify_loginDDT" time="21.775"/>
  <testcase classname="testCases.TC_004_LoginDDT" name="verify_loginDDT" time="34.311"/>
  <testcase classname="testCases.TC_004_LoginDDT" name="verify_loginDDT" time="29.805"/>
  <testcase classname="testCases.TC_004_LoginDDT" name="verify_loginDDT" time="37.012"/>
  <testcase classname="testCases.TC_004_LoginDDT" name="verify_loginDDT" time="32.304"/>
  <testcase classname="testCases.TC_004_LoginDDT" name="verify_loginDDT" time="31.539"/>
  <testcase classname="testCases.TC_004_LoginDDT" name="verify_loginDDT" time="38.207"/>
  <testcase classname="testCases.TC_004_LoginDDT" name="verify_loginDDT" time="38.112"/>
</testsuite> <!-- testCases.TC_004_LoginDDT -->
