<?xml version="1.0" encoding="UTF-8"?>
<!-- Generated by org.testng.reporters.JUnitReportReporter -->
<testsuite hostname="Pradeep_Machine" failures="0" tests="1" name="testCases.TC_003_LoginTest" time="17.091" errors="0" timestamp="2024-04-17T09:13:46 IST" skipped="0">
  <testcase classname="testCases.TC_003_LoginTest" name="verify_login" time="17.091"/>
</testsuite> <!-- testCases.TC_003_LoginTest -->
